<?xml version="1.0" encoding="UTF-8"?>
<!-- Generated by org.testng.reporters.JUnitXMLReporter -->
<testsuite ignored="0" hostname="DESKTOP-3N52H20" failures="0" tests="3" name="Default test" time="2.231" errors="0" timestamp="2025-04-15T15:00:14 BST">
  <testcase classname="com.iasys.extentreportsintegrationtestNG.BaseTest" name="@BeforeTest InitialiseBrowser" time="2.073">
    <failure type="java.lang.NullPointerException">
      <![CDATA[java.lang.NullPointerException
at com.aventstack.extentreports.ExtentTest.lambda$assignAuthor$1(ExtentTest.java:1041)
at java.base/java.util.Spliterators$ArraySpliterator.forEachRemaining(Spliterators.java:948)
at java.base/java.util.stream.ReferencePipeline$Head.forEach(ReferencePipeline.java:658)
at com.aventstack.extentreports.ExtentTest.assignAuthor(ExtentTest.java:1040)
at com.iasys.extentreportsintegrationtestNG.BaseTest.InitialiseBrowser(BaseTest.java:79)
at java.base/jdk.internal.reflect.NativeMethodAccessorImpl.invoke0(Native Method)
at java.base/jdk.internal.reflect.NativeMethodAccessorImpl.invoke(NativeMethodAccessorImpl.java:62)
at java.base/jdk.internal.reflect.DelegatingMethodAccessorImpl.invoke(DelegatingMethodAccessorImpl.java:43)
at java.base/java.lang.reflect.Method.invoke(Method.java:566)
at org.testng.internal.invokers.MethodInvocationHelper.invokeMethod(MethodInvocationHelper.java:136)
at org.testng.internal.invokers.MethodInvocationHelper.invokeMethodConsideringTimeout(MethodInvocationHelper.java:65)
at org.testng.internal.invokers.ConfigInvoker.invokeConfigurationMethod(ConfigInvoker.java:381)
at org.testng.internal.invokers.ConfigInvoker.invokeConfigurations(ConfigInvoker.java:319)
at org.testng.TestRunner.invokeTestConfigurations(TestRunner.java:645)
at org.testng.TestRunner.beforeRun(TestRunner.java:634)
at org.testng.TestRunner.run(TestRunner.java:596)
at org.testng.SuiteRunner.runTest(SuiteRunner.java:429)
at org.testng.SuiteRunner.runSequentially(SuiteRunner.java:423)
at org.testng.SuiteRunner.privateRun(SuiteRunner.java:383)
at org.testng.SuiteRunner.run(SuiteRunner.java:326)
at org.testng.SuiteRunnerWorker.runSuite(SuiteRunnerWorker.java:52)
at org.testng.SuiteRunnerWorker.run(SuiteRunnerWorker.java:95)
at org.testng.TestNG.runSuitesSequentially(TestNG.java:1249)
at org.testng.TestNG.runSuitesLocally(TestNG.java:1169)
at org.testng.TestNG.runSuites(TestNG.java:1092)
at org.testng.TestNG.run(TestNG.java:1060)
at org.testng.remote.AbstractRemoteTestNG.run(AbstractRemoteTestNG.java:115)
at org.testng.remote.RemoteTestNG.initAndRun(RemoteTestNG.java:293)
at org.testng.remote.RemoteTestNG.main(RemoteTestNG.java:91)
]]>
    </failure>
  </testcase> <!-- @BeforeTest InitialiseBrowser -->
  <testcase classname="com.iasys.extentreportsintegrationtestNG.BaseTest" name="@AfterMethod checkstatus" time="0.0">
    <skipped/>
  </testcase> <!-- @AfterMethod checkstatus -->
  <testcase classname="com.iasys.extentreportsintegrationtestNG.BaseTest" name="@AfterMethod checkstatus" time="0.0">
    <skipped/>
  </testcase> <!-- @AfterMethod checkstatus -->
  <testcase classname="com.iasys.extentreportsintegrationtestNG.BaseTest" name="@AfterMethod checkstatus" time="0.0">
    <skipped/>
  </testcase> <!-- @AfterMethod checkstatus -->
  <testcase classname="com.iasys.extentreportsintegrationtestNG.BaseTest" name="@AfterTest teardoen" time="0.0">
    <skipped/>
  </testcase> <!-- @AfterTest teardoen -->
  <testcase classname="com.iasys.extentreportsintegrationtestNG.ExtentReportsIntegrationTestNGAnnotation" name="TestCase1" time="0.002">
    <skipped/>
  </testcase> <!-- TestCase1 -->
  <testcase classname="com.iasys.extentreportsintegrationtestNG.ExtentReportsIntegrationTestNGAnnotation" name="TestCase2" time="0.0">
    <skipped/>
  </testcase> <!-- TestCase2 -->
  <testcase classname="com.iasys.extentreportsintegrationtestNG.ExtentReportsIntegrationTestNGAnnotation" name="TestCase3" time="0.0">
    <skipped/>
  </testcase> <!-- TestCase3 -->
</testsuite> <!-- Default test -->
