<?xml version="1.0" encoding="UTF-8"?>
<!-- Generated by org.testng.reporters.JUnitXMLReporter -->
<testsuite ignored="1" hostname="IAULKALADE07" failures="0" tests="4" name="OrangeHRMLoginMyInfo" time="20.612" errors="0" timestamp="2025-02-03T20:03:40 IST">
  <testcase classname="com.iasys.testcase.OrangeHrm" name="LanchApp" time="3.132"/>
  <testcase classname="com.iasys.testcase.OrangeHrm" name="EnterLoginDetails" time="7.026"/>
  <testcase classname="com.iasys.testcase.OrangeHrm" name="NaviagateToMYInfo" time="6.64"/>
  <testcase classname="com.iasys.testcase.OrangeHrm" name="VerifyMYInfo" time="2.043"/>
  <testcase classname="com.iasys.testcase.OrangeHrm" name="VerifyLogin" time="0.0">
    <ignored/>
  </testcase> <!-- VerifyLogin -->
</testsuite> <!-- OrangeHRMLoginMyInfo -->
