<?xml version="1.0" encoding="UTF-8"?>
<!-- Generated by org.testng.reporters.JUnitXMLReporter -->
<testsuite ignored="2" hostname="IAULKALADE07" failures="0" tests="3" name="OrangeHRMLogin" time="13.014" errors="0" timestamp="2025-02-03T20:03:19 IST">
  <testcase classname="com.iasys.testcase.OrangeHrm" name="LanchApp" time="3.511"/>
  <testcase classname="com.iasys.testcase.OrangeHrm" name="EnterLoginDetails" time="4.563"/>
  <testcase classname="com.iasys.testcase.OrangeHrm" name="VerifyLogin" time="2.062"/>
  <testcase classname="com.iasys.testcase.OrangeHrm" name="NaviagateToMYInfo" time="0.0">
    <ignored/>
  </testcase> <!-- NaviagateToMYInfo -->
  <testcase classname="com.iasys.testcase.OrangeHrm" name="VerifyMYInfo" time="0.0">
    <ignored/>
  </testcase> <!-- VerifyMYInfo -->
</testsuite> <!-- OrangeHRMLogin -->
