<?xml version="1.0" encoding="UTF-8"?>
<!-- Generated by org.testng.reporters.JUnitXMLReporter -->
<testsuite ignored="2" hostname="DESKTOP-3N52H20" failures="0" tests="1" name="TestCase2" time="20.657" errors="0" timestamp="2025-04-15T15:16:28 BST">
  <testcase classname="com.iasys.extentreportsintegrationtestNG.ExtentReportsIntegrationTestNGAnnotation" name="TestCase2" time="5.936"/>
  <testcase classname="com.iasys.extentreportsintegrationtestNG.ExtentReportsIntegrationTestNGAnnotation" name="TestCase3" time="0.0">
    <ignored/>
  </testcase> <!-- TestCase3 -->
  <testcase classname="com.iasys.extentreportsintegrationtestNG.ExtentReportsIntegrationTestNGAnnotation" name="TestCase1" time="0.0">
    <ignored/>
  </testcase> <!-- TestCase1 -->
</testsuite> <!-- TestCase2 -->
