<?xml version="1.0" encoding="UTF-8"?>
<!-- Generated by org.testng.reporters.JUnitXMLReporter -->
<testsuite ignored="1" hostname="IAULKALADE07" failures="1" tests="1" name="Test1" time="17.519" errors="0" timestamp="2025-03-03T14:43:23 IST">
  <testcase classname="com.iasys.screenshots.TestNGUsingListeners" name="TestCase1" time="0.045">
    <failure type="java.lang.AssertionError" message="value is not match expected [Dashboard] but found [Dashboard1]">
      <![CDATA[java.lang.AssertionError: value is not match expected [Dashboard] but found [Dashboard1]
at com.iasys.screenshots.TestNGUsingListeners.TestCase1(TestNGUsingListeners.java:19)
at java.base/java.util.ArrayList.forEach(ArrayList.java:1541)
... Removed 32 stack frames]]>
    </failure>
  </testcase> <!-- TestCase1 -->
  <testcase classname="com.iasys.screenshots.TestNGUsingListeners" name="TestCase2" time="0.0">
    <ignored/>
  </testcase> <!-- TestCase2 -->
</testsuite> <!-- Test1 -->
