<?xml version="1.0" encoding="UTF-8"?>
<!-- Generated by org.testng.reporters.JUnitXMLReporter -->
<testsuite ignored="2" hostname="DESKTOP-3N52H20" failures="0" tests="1" name="TestCase1" time="13.882" errors="0" timestamp="2025-04-15T15:16:07 BST">
  <testcase classname="com.iasys.extentreportsintegrationtestNG.ExtentReportsIntegrationTestNGAnnotation" name="TestCase1" time="0.038"/>
  <testcase classname="com.iasys.extentreportsintegrationtestNG.ExtentReportsIntegrationTestNGAnnotation" name="TestCase3" time="0.0">
    <ignored/>
  </testcase> <!-- TestCase3 -->
  <testcase classname="com.iasys.extentreportsintegrationtestNG.ExtentReportsIntegrationTestNGAnnotation" name="TestCase2" time="0.0">
    <ignored/>
  </testcase> <!-- TestCase2 -->
</testsuite> <!-- TestCase1 -->
