<?xml version="1.0" encoding="UTF-8"?>
<!-- Generated by org.testng.reporters.JUnitXMLReporter -->
<testsuite ignored="0" hostname="IAULKALADE07" failures="0" tests="4" name="Test3" time="0.021" errors="0" timestamp="2025-02-18T21:27:40 IST">
  <testcase classname="com.iasys.paralleltest.ParallelTestCase3" name="testMethod10" time="0.001"/>
  <testcase classname="com.iasys.paralleltest.ParallelTestCase3" name="testMethod11" time="0.001"/>
  <testcase classname="com.iasys.paralleltest.ParallelTestCase3" name="testMethod8" time="0.006"/>
  <testcase classname="com.iasys.paralleltest.ParallelTestCase3" name="testMethod9" time="0.002"/>
</testsuite> <!-- Test3 -->
