<?xml version="1.0" encoding="UTF-8"?>
<!-- Generated by org.testng.reporters.JUnitXMLReporter -->
<testsuite ignored="2" hostname="DESKTOP-3N52H20" failures="1" tests="1" name="TestCase3" time="17.807" errors="0" timestamp="2025-04-15T15:16:46 BST">
  <testcase classname="com.iasys.extentreportsintegrationtestNG.ExtentReportsIntegrationTestNGAnnotation" name="TestCase3" time="4.595">
    <failure type="java.lang.AssertionError" message="**********************data present expected [false] but found [true]">
      <![CDATA[java.lang.AssertionError: **********************data present expected [false] but found [true]
at com.iasys.extentreportsintegrationtestNG.ExtentReportsIntegrationTestNGAnnotation.TestCase3(ExtentReportsIntegrationTestNGAnnotation.java:42)
at java.base/java.util.ArrayList.forEach(ArrayList.java:1540)
... Removed 30 stack frames]]>
    </failure>
  </testcase> <!-- TestCase3 -->
  <testcase classname="com.iasys.extentreportsintegrationtestNG.ExtentReportsIntegrationTestNGAnnotation" name="TestCase2" time="0.0">
    <ignored/>
  </testcase> <!-- TestCase2 -->
  <testcase classname="com.iasys.extentreportsintegrationtestNG.ExtentReportsIntegrationTestNGAnnotation" name="TestCase1" time="0.0">
    <ignored/>
  </testcase> <!-- TestCase1 -->
</testsuite> <!-- TestCase3 -->
