<?xml version="1.0" encoding="UTF-8"?>
<!-- Generated by org.testng.reporters.JUnitXMLReporter -->
<testsuite ignored="0" hostname="IAULKALADE07" failures="2" tests="2" name="Test" time="17.888" errors="0" timestamp="2025-02-26T21:20:49 IST">
  <testcase classname="com.iasys.screenshots.TestNGUsingListeners" name="TestCase1" time="0.045">
    <failure type="java.lang.AssertionError" message="value is not match expected [Dashboard] but found [Dashboard1]">
      <![CDATA[java.lang.AssertionError: value is not match expected [Dashboard] but found [Dashboard1]
at com.iasys.screenshots.TestNGUsingListeners.TestCase1(TestNGUsingListeners.java:19)
at java.base/java.util.ArrayList.forEach(ArrayList.java:1541)
... Removed 32 stack frames]]>
    </failure>
  </testcase> <!-- TestCase1 -->
  <testcase classname="com.iasys.screenshots.TestNGUsingListeners" name="TestCase2" time="4.881">
    <failure type="java.lang.AssertionError" message="**********************data present expected [false] but found [true]">
      <![CDATA[java.lang.AssertionError: **********************data present expected [false] but found [true]
at com.iasys.screenshots.TestNGUsingListeners.TestCase2(TestNGUsingListeners.java:31)
at java.base/java.util.ArrayList.forEach(ArrayList.java:1541)
... Removed 30 stack frames]]>
    </failure>
  </testcase> <!-- TestCase2 -->
</testsuite> <!-- Test -->
