<?xml version="1.0" encoding="UTF-8"?>
<!-- Generated by org.testng.reporters.JUnitXMLReporter -->
<testsuite ignored="1" hostname="IAULKALADE07" failures="1" tests="1" name="Test2" time="18.123" errors="0" timestamp="2025-03-03T14:43:41 IST">
  <testcase classname="com.iasys.screenshots.TestNGUsingListeners" name="TestCase2" time="4.956">
    <failure type="java.lang.AssertionError" message="**********************data present expected [false] but found [true]">
      <![CDATA[java.lang.AssertionError: **********************data present expected [false] but found [true]
at com.iasys.screenshots.TestNGUsingListeners.TestCase2(TestNGUsingListeners.java:31)
at java.base/java.util.ArrayList.forEach(ArrayList.java:1541)
... Removed 30 stack frames]]>
    </failure>
  </testcase> <!-- TestCase2 -->
  <testcase classname="com.iasys.screenshots.TestNGUsingListeners" name="TestCase1" time="0.0">
    <ignored/>
  </testcase> <!-- TestCase1 -->
</testsuite> <!-- Test2 -->
